<?xml version="1.0" encoding="UTF-8"?>
<testng-results ignored="0" total="1" passed="1" failed="0" skipped="0">
  <reporter-output>
  </reporter-output>
  <suite started-at="2025-09-10T16:08:41 IST" name="Suite" finished-at="2025-09-10T16:08:48 IST" duration-ms="6536">
    <groups>
    </groups>
    <test started-at="2025-09-10T16:08:41 IST" name="Test" finished-at="2025-09-10T16:08:48 IST" duration-ms="6536">
      <class name="GIT.JenkinDemo.LoginPractice">
        <test-method signature="login()[pri:0, instance:GIT.JenkinDemo.LoginPractice@639c2c1d]" started-at="2025-09-10T16:08:41 IST" name="login" finished-at="2025-09-10T16:08:48 IST" duration-ms="6466" status="PASS">
          <reporter-output>
          </reporter-output>
        </test-method> <!-- login -->
      </class> <!-- GIT.JenkinDemo.LoginPractice -->
    </test> <!-- Test -->
  </suite> <!-- Suite -->
</testng-results>
